2020-05-22 20:38:22.192  INFO 15951 --- [main] com.zhangblue.MyApp                      : Starting MyApp on MacBook-pro with PID 15951 (/Users/zhangdi/work/workspace/github/JavaLocalTest/KafkaTest/target/classes started by zhangdi in /Users/zhangdi/work/workspace/github/JavaLocalTest)
2020-05-22 20:38:22.193  INFO 15951 --- [main] com.zhangblue.MyApp                      : No active profile set, falling back to default profiles: default
2020-05-22 20:38:22.219  INFO 15951 --- [main] ationConfigEmbeddedWebApplicationContext : Refreshing org.springframework.boot.context.embedded.AnnotationConfigEmbeddedWebApplicationContext@64d2d351: startup date [Fri May 22 20:38:22 CST 2020]; root of context hierarchy
2020-05-22 20:38:22.858  INFO 15951 --- [main] s.b.c.e.t.TomcatEmbeddedServletContainer : Tomcat initialized with port(s): 8000 (http)
2020-05-22 20:38:22.865  INFO 15951 --- [main] o.apache.catalina.core.StandardService   : Starting service [Tomcat]
2020-05-22 20:38:22.866  INFO 15951 --- [main] org.apache.catalina.core.StandardEngine  : Starting Servlet Engine: Apache Tomcat/8.5.23
2020-05-22 20:38:22.920  INFO 15951 --- [localhost-startStop-1] o.a.c.c.C.[Tomcat].[localhost].[/]       : Initializing Spring embedded WebApplicationContext
2020-05-22 20:38:22.920  INFO 15951 --- [localhost-startStop-1] o.s.web.context.ContextLoader            : Root WebApplicationContext: initialization completed in 703 ms
2020-05-22 20:38:22.995  INFO 15951 --- [localhost-startStop-1] o.s.b.w.servlet.ServletRegistrationBean  : Mapping servlet: 'dispatcherServlet' to [/]
2020-05-22 20:38:22.998  INFO 15951 --- [localhost-startStop-1] o.s.b.w.servlet.FilterRegistrationBean   : Mapping filter: 'characterEncodingFilter' to: [/*]
2020-05-22 20:38:22.998  INFO 15951 --- [localhost-startStop-1] o.s.b.w.servlet.FilterRegistrationBean   : Mapping filter: 'hiddenHttpMethodFilter' to: [/*]
2020-05-22 20:38:22.998  INFO 15951 --- [localhost-startStop-1] o.s.b.w.servlet.FilterRegistrationBean   : Mapping filter: 'httpPutFormContentFilter' to: [/*]
2020-05-22 20:38:22.998  INFO 15951 --- [localhost-startStop-1] o.s.b.w.servlet.FilterRegistrationBean   : Mapping filter: 'requestContextFilter' to: [/*]
2020-05-22 20:38:23.051  INFO 15951 --- [main] c.z.service.KafkaProducerService         : create producer begin
2020-05-22 20:38:23.057  INFO 15951 --- [main] o.a.k.clients.producer.ProducerConfig    : ProducerConfig values: 
	metric.reporters = []
	metadata.max.age.ms = 300000
	reconnect.backoff.ms = 50
	sasl.kerberos.ticket.renew.window.factor = 0.8
	bootstrap.servers = [kafka:9092]
	ssl.keystore.type = JKS
	sasl.mechanism = GSSAPI
	max.block.ms = 60000
	interceptor.classes = null
	ssl.truststore.password = null
	client.id = 
	ssl.endpoint.identification.algorithm = null
	request.timeout.ms = 30000
	acks = all
	receive.buffer.bytes = 32768
	ssl.truststore.type = JKS
	retries = 0
	ssl.truststore.location = null
	ssl.keystore.password = null
	send.buffer.bytes = 131072
	compression.type = none
	metadata.fetch.timeout.ms = 60000
	retry.backoff.ms = 100
	sasl.kerberos.kinit.cmd = /usr/bin/kinit
	buffer.memory = 33554432
	timeout.ms = 30000
	key.serializer = class org.apache.kafka.common.serialization.StringSerializer
	sasl.kerberos.service.name = null
	sasl.kerberos.ticket.renew.jitter = 0.05
	ssl.trustmanager.algorithm = PKIX
	block.on.buffer.full = false
	ssl.key.password = null
	sasl.kerberos.min.time.before.relogin = 60000
	connections.max.idle.ms = 540000
	max.in.flight.requests.per.connection = 5
	metrics.num.samples = 2
	ssl.protocol = TLS
	ssl.provider = null
	ssl.enabled.protocols = [TLSv1.2, TLSv1.1, TLSv1]
	batch.size = 16384
	ssl.keystore.location = null
	ssl.cipher.suites = null
	security.protocol = PLAINTEXT
	max.request.size = 1048576
	value.serializer = class org.apache.kafka.common.serialization.StringSerializer
	ssl.keymanager.algorithm = SunX509
	metrics.sample.window.ms = 30000
	partitioner.class = class org.apache.kafka.clients.producer.internals.DefaultPartitioner
	linger.ms = 1

2020-05-22 20:38:23.081  INFO 15951 --- [main] o.a.k.clients.producer.ProducerConfig    : ProducerConfig values: 
	metric.reporters = []
	metadata.max.age.ms = 300000
	reconnect.backoff.ms = 50
	sasl.kerberos.ticket.renew.window.factor = 0.8
	bootstrap.servers = [kafka:9092]
	ssl.keystore.type = JKS
	sasl.mechanism = GSSAPI
	max.block.ms = 60000
	interceptor.classes = null
	ssl.truststore.password = null
	client.id = producer-1
	ssl.endpoint.identification.algorithm = null
	request.timeout.ms = 30000
	acks = all
	receive.buffer.bytes = 32768
	ssl.truststore.type = JKS
	retries = 0
	ssl.truststore.location = null
	ssl.keystore.password = null
	send.buffer.bytes = 131072
	compression.type = none
	metadata.fetch.timeout.ms = 60000
	retry.backoff.ms = 100
	sasl.kerberos.kinit.cmd = /usr/bin/kinit
	buffer.memory = 33554432
	timeout.ms = 30000
	key.serializer = class org.apache.kafka.common.serialization.StringSerializer
	sasl.kerberos.service.name = null
	sasl.kerberos.ticket.renew.jitter = 0.05
	ssl.trustmanager.algorithm = PKIX
	block.on.buffer.full = false
	ssl.key.password = null
	sasl.kerberos.min.time.before.relogin = 60000
	connections.max.idle.ms = 540000
	max.in.flight.requests.per.connection = 5
	metrics.num.samples = 2
	ssl.protocol = TLS
	ssl.provider = null
	ssl.enabled.protocols = [TLSv1.2, TLSv1.1, TLSv1]
	batch.size = 16384
	ssl.keystore.location = null
	ssl.cipher.suites = null
	security.protocol = PLAINTEXT
	max.request.size = 1048576
	value.serializer = class org.apache.kafka.common.serialization.StringSerializer
	ssl.keymanager.algorithm = SunX509
	metrics.sample.window.ms = 30000
	partitioner.class = class org.apache.kafka.clients.producer.internals.DefaultPartitioner
	linger.ms = 1

2020-05-22 20:38:23.083  INFO 15951 --- [main] o.a.kafka.common.utils.AppInfoParser     : Kafka version : 0.10.0.0
2020-05-22 20:38:23.083  INFO 15951 --- [main] o.a.kafka.common.utils.AppInfoParser     : Kafka commitId : b8642491e78c5a13
2020-05-22 20:38:23.084  INFO 15951 --- [main] c.z.service.KafkaProducerService         : create producer end
2020-05-22 20:38:23.273  INFO 15951 --- [main] s.w.s.m.m.a.RequestMappingHandlerAdapter : Looking for @ControllerAdvice: org.springframework.boot.context.embedded.AnnotationConfigEmbeddedWebApplicationContext@64d2d351: startup date [Fri May 22 20:38:22 CST 2020]; root of context hierarchy
2020-05-22 20:38:23.310  INFO 15951 --- [main] s.w.s.m.m.a.RequestMappingHandlerMapping : Mapped "{[/kafka/producer/send],methods=[POST]}" onto public java.lang.String com.zhangblue.controller.KafkaProduerController.sendMeg(java.lang.String,java.lang.String)
2020-05-22 20:38:23.313  INFO 15951 --- [main] s.w.s.m.m.a.RequestMappingHandlerMapping : Mapped "{[/error],produces=[text/html]}" onto public org.springframework.web.servlet.ModelAndView org.springframework.boot.autoconfigure.web.BasicErrorController.errorHtml(javax.servlet.http.HttpServletRequest,javax.servlet.http.HttpServletResponse)
2020-05-22 20:38:23.313  INFO 15951 --- [main] s.w.s.m.m.a.RequestMappingHandlerMapping : Mapped "{[/error]}" onto public org.springframework.http.ResponseEntity<java.util.Map<java.lang.String, java.lang.Object>> org.springframework.boot.autoconfigure.web.BasicErrorController.error(javax.servlet.http.HttpServletRequest)
2020-05-22 20:38:23.333  INFO 15951 --- [main] o.s.w.s.handler.SimpleUrlHandlerMapping  : Mapped URL path [/webjars/**] onto handler of type [class org.springframework.web.servlet.resource.ResourceHttpRequestHandler]
2020-05-22 20:38:23.333  INFO 15951 --- [main] o.s.w.s.handler.SimpleUrlHandlerMapping  : Mapped URL path [/**] onto handler of type [class org.springframework.web.servlet.resource.ResourceHttpRequestHandler]
2020-05-22 20:38:23.363  INFO 15951 --- [main] o.s.w.s.handler.SimpleUrlHandlerMapping  : Mapped URL path [/**/favicon.ico] onto handler of type [class org.springframework.web.servlet.resource.ResourceHttpRequestHandler]
2020-05-22 20:38:23.451  INFO 15951 --- [main] o.s.j.e.a.AnnotationMBeanExporter        : Registering beans for JMX exposure on startup
2020-05-22 20:38:23.491  INFO 15951 --- [main] s.b.c.e.t.TomcatEmbeddedServletContainer : Tomcat started on port(s): 8000 (http)
2020-05-22 20:38:23.494  INFO 15951 --- [main] com.zhangblue.MyApp                      : Started MyApp in 1.447 seconds (JVM running for 1.857)
2020-05-22 20:38:30.509  INFO 15951 --- [http-nio-8000-exec-2] o.a.c.c.C.[Tomcat].[localhost].[/]       : Initializing Spring FrameworkServlet 'dispatcherServlet'
2020-05-22 20:38:30.509  INFO 15951 --- [http-nio-8000-exec-2] o.s.web.servlet.DispatcherServlet        : FrameworkServlet 'dispatcherServlet': initialization started
2020-05-22 20:38:30.521  INFO 15951 --- [http-nio-8000-exec-2] o.s.web.servlet.DispatcherServlet        : FrameworkServlet 'dispatcherServlet': initialization completed in 12 ms
2020-05-22 20:38:30.539  INFO 15951 --- [http-nio-8000-exec-2] c.z.service.KafkaProducerService         : send msg begin
2020-05-22 20:38:30.672  INFO 15951 --- [http-nio-8000-exec-2] c.z.service.KafkaProducerService         : send msg end
2020-05-22 20:38:33.352  INFO 15951 --- [http-nio-8000-exec-3] c.z.service.KafkaProducerService         : send msg begin
2020-05-22 20:38:33.353  INFO 15951 --- [http-nio-8000-exec-3] c.z.service.KafkaProducerService         : send msg end
2020-05-22 20:38:34.261  INFO 15951 --- [http-nio-8000-exec-4] c.z.service.KafkaProducerService         : send msg begin
2020-05-22 20:38:34.262  INFO 15951 --- [http-nio-8000-exec-4] c.z.service.KafkaProducerService         : send msg end
2020-05-22 20:38:40.517  INFO 15951 --- [http-nio-8000-exec-5] c.z.service.KafkaProducerService         : send msg begin
2020-05-22 20:38:40.518  INFO 15951 --- [http-nio-8000-exec-5] c.z.service.KafkaProducerService         : send msg end
2020-05-22 20:38:41.290  INFO 15951 --- [http-nio-8000-exec-6] c.z.service.KafkaProducerService         : send msg begin
2020-05-22 20:38:41.291  INFO 15951 --- [http-nio-8000-exec-6] c.z.service.KafkaProducerService         : send msg end
2020-05-22 20:38:41.918  INFO 15951 --- [http-nio-8000-exec-7] c.z.service.KafkaProducerService         : send msg begin
2020-05-22 20:38:41.918  INFO 15951 --- [http-nio-8000-exec-7] c.z.service.KafkaProducerService         : send msg end
2020-05-22 20:38:42.520  INFO 15951 --- [http-nio-8000-exec-8] c.z.service.KafkaProducerService         : send msg begin
2020-05-22 20:38:42.521  INFO 15951 --- [http-nio-8000-exec-8] c.z.service.KafkaProducerService         : send msg end
2020-05-22 20:38:43.097  INFO 15951 --- [http-nio-8000-exec-9] c.z.service.KafkaProducerService         : send msg begin
2020-05-22 20:38:43.098  INFO 15951 --- [http-nio-8000-exec-9] c.z.service.KafkaProducerService         : send msg end
2020-05-22 20:39:00.297  INFO 15951 --- [Thread-4] ationConfigEmbeddedWebApplicationContext : Closing org.springframework.boot.context.embedded.AnnotationConfigEmbeddedWebApplicationContext@64d2d351: startup date [Fri May 22 20:38:22 CST 2020]; root of context hierarchy
2020-05-22 20:39:00.299  INFO 15951 --- [Thread-4] o.s.j.e.a.AnnotationMBeanExporter        : Unregistering JMX-exposed beans on shutdown
